2019-05-12T07:37:27.936876Z 0 [Warning] TIMESTAMP with implicit DEFAULT value is deprecated. Please use --explicit_defaults_for_timestamp server option (see documentation for more details).
2019-05-12T07:37:27.936876Z 0 [Warning] Insecure configuration for --secure-file-priv: Current value does not restrict location of generated files. Consider setting it to a valid, non-empty path.
2019-05-12T07:37:27.936876Z 0 [Note] \usr\local\mysql-5.7\bin\mysqld.exe (mysqld 5.7.15) starting as process 4220 ...
2019-05-12T07:37:27.994879Z 0 [Note] InnoDB: Mutexes and rw_locks use Windows interlocked functions
2019-05-12T07:37:27.997879Z 0 [Note] InnoDB: Uses event mutexes
2019-05-12T07:37:27.998879Z 0 [Note] InnoDB: Memory barrier is not used
2019-05-12T07:37:27.999879Z 0 [Note] InnoDB: Compressed tables use zlib 1.2.3
2019-05-12T07:37:28.001879Z 0 [Note] InnoDB: Number of pools: 1
2019-05-12T07:37:28.002880Z 0 [Note] InnoDB: Not using CPU crc32 instructions
2019-05-12T07:37:28.007880Z 0 [Note] InnoDB: Initializing buffer pool, total size = 128M, instances = 1, chunk size = 128M
2019-05-12T07:37:28.026881Z 0 [Note] InnoDB: Completed initialization of buffer pool
2019-05-12T07:37:30.183004Z 0 [Note] InnoDB: Highest supported file format is Barracuda.
2019-05-12T07:37:30.191005Z 0 [Note] InnoDB: Log scan progressed past the checkpoint lsn 2204099
2019-05-12T07:37:30.193005Z 0 [Note] InnoDB: Doing recovery: scanned up to log sequence number 2204108
2019-05-12T07:37:30.196005Z 0 [Note] InnoDB: Doing recovery: scanned up to log sequence number 2204108
2019-05-12T07:37:30.197005Z 0 [Note] InnoDB: Database was not shutdown normally!
2019-05-12T07:37:30.198005Z 0 [Note] InnoDB: Starting crash recovery.
2019-05-12T07:37:31.466078Z 0 [Note] InnoDB: Removed temporary tablespace data file: "ibtmp1"
2019-05-12T07:37:31.467078Z 0 [Note] InnoDB: Creating shared tablespace for temporary tables
2019-05-12T07:37:31.469078Z 0 [Note] InnoDB: Setting file '.\ibtmp1' size to 12 MB. Physically writing the file full; Please wait ...
2019-05-12T07:37:31.809097Z 0 [Note] InnoDB: File '.\ibtmp1' size is now 12 MB.
2019-05-12T07:37:31.838099Z 0 [Note] InnoDB: 96 redo rollback segment(s) found. 96 redo rollback segment(s) are active.
2019-05-12T07:37:31.839099Z 0 [Note] InnoDB: 32 non-redo rollback segment(s) are active.
2019-05-12T07:37:31.841099Z 0 [Note] InnoDB: Waiting for purge to start
2019-05-12T07:37:31.892102Z 0 [Note] InnoDB: 5.7.15 started; log sequence number 2204108
2019-05-12T07:37:31.894102Z 0 [Note] InnoDB: Loading buffer pool(s) from Z:\usr\local\mysql-5.7\data\ib_buffer_pool
2019-05-12T07:37:31.895102Z 0 [ERROR] InnoDB: Cannot open 'Z:\usr\local\mysql-5.7\data\ib_buffer_pool' for reading: No such file or directory
2019-05-12T07:37:31.938105Z 0 [Note] Plugin 'FEDERATED' is disabled.
2019-05-12T07:37:32.130116Z 0 [Warning] Failed to set up SSL because of the following SSL library error: SSL context is not usable without certificate and private key
2019-05-12T07:37:32.132116Z 0 [Note] Server hostname (bind-address): '127.0.0.1'; port: 3306
2019-05-12T07:37:32.134116Z 0 [Note]   - '127.0.0.1' resolves to '127.0.0.1';
2019-05-12T07:37:32.135116Z 0 [Note] Server socket created on IP: '127.0.0.1'.
2019-05-12T07:37:32.757151Z 0 [Note] Event Scheduler: Loaded 0 events
2019-05-12T07:37:32.758152Z 0 [Note] \usr\local\mysql-5.7\bin\mysqld.exe: ready for connections.
Version: '5.7.15'  socket: ''  port: 3306  MySQL Community Server (GPL)
